STATUS | wrapper  | 2012/12/02 04:02:29 | Service is running.  Stopping it...
STATUS | wrapper  | 2012/12/02 04:02:32 | Selenium Node - Internet Explorer stopped.
STATUS | wrapper  | 2012/12/02 04:02:32 | Selenium Node - Internet Explorer service removed.
STATUS | wrapper  | 2012/12/02 04:02:36 | Selenium Node - Internet Explorer service installed.
STATUS | wrapper  | 2012/12/03 19:42:20 | --> Wrapper Started as Service
STATUS | wrapper  | 2012/12/03 19:42:20 | Java Service Wrapper Community Edition 32-bit 3.5.15
STATUS | wrapper  | 2012/12/03 19:42:20 |   Copyright (C) 1999-2012 Tanuki Software, Ltd. All Rights Reserved.
STATUS | wrapper  | 2012/12/03 19:42:20 |     http://wrapper.tanukisoftware.com
STATUS | wrapper  | 2012/12/03 19:42:20 | 
STATUS | wrapper  | 2012/12/03 19:42:21 | Launching a JVM...
INFO   | jvm 1    | 2012/12/03 19:42:22 | WrapperManager: Initializing...
INFO   | jvm 1    | 2012/12/03 19:42:24 | Dec 03, 2012 7:42:23 PM org.openqa.grid.selenium.GridLauncher main
INFO   | jvm 1    | 2012/12/03 19:42:24 | INFO: Launching a selenium grid node
INFO   | jvm 1    | 2012/12/03 19:42:24 | adding browserName=internet explorer,maxInstances=3
INFO   | jvm 1    | 2012/12/03 19:42:28 | 19:42:28.816 INFO - Java: Oracle Corporation 23.5-b02
INFO   | jvm 1    | 2012/12/03 19:42:28 | 19:42:28.816 INFO - OS: Windows 7 6.1 x86
INFO   | jvm 1    | 2012/12/03 19:42:28 | 19:42:28.816 INFO - v2.26.0, with Core v2.26.0. Built from revision 18041
INFO   | jvm 1    | 2012/12/03 19:42:29 | 19:42:29.897 INFO - RemoteWebDriver instances should connect to: http://127.0.0.1:4448/wd/hub
INFO   | jvm 1    | 2012/12/03 19:42:29 | 19:42:29.907 INFO - Version Jetty/5.1.x
INFO   | jvm 1    | 2012/12/03 19:42:29 | 19:42:29.907 INFO - Started HttpContext[/selenium-server/driver,/selenium-server/driver]
INFO   | jvm 1    | 2012/12/03 19:42:29 | 19:42:29.907 INFO - Started HttpContext[/selenium-server,/selenium-server]
INFO   | jvm 1    | 2012/12/03 19:42:30 | 19:42:29.907 INFO - Started HttpContext[/,/]
INFO   | jvm 1    | 2012/12/03 19:42:30 | 19:42:29.907 INFO - Started org.openqa.jetty.jetty.servlet.ServletHandler@41a882
INFO   | jvm 1    | 2012/12/03 19:42:30 | 19:42:29.907 INFO - Started HttpContext[/wd,/wd]
INFO   | jvm 1    | 2012/12/03 19:42:30 | 19:42:29.917 INFO - Started SocketListener on 0.0.0.0:4448
INFO   | jvm 1    | 2012/12/03 19:42:30 | 19:42:29.917 INFO - Started org.openqa.jetty.jetty.Server@b8e42
INFO   | jvm 1    | 2012/12/03 19:42:30 | 19:42:29.917 INFO - using the json request : {"class":"org.openqa.grid.common.RegistrationRequest","capabilities":[{"platform":"VISTA","browserName":"internet explorer","maxInstances":"3"}],"configuration":{"port":4448,"host":"10.0.2.15","hubHost":"localhost","registerCycle":5000,"hub":"http://localhost:4445/grid/register","url":"http://10.0.2.15:4448","remoteHost":"http://10.0.2.15:4448","register":true,"proxy":"org.openqa.grid.selenium.proxy.DefaultRemoteProxy","maxSession":5,"browser":"browserName=internet explorer,maxInstances=3","role":"webdriver","hubPort":4445}}
INFO   | jvm 1    | 2012/12/03 19:42:30 | 19:42:30.373 INFO - starting auto register thread. Will try to register every 5000 ms.
INFO   | jvm 1    | 2012/12/03 19:42:30 | 19:42:30.383 INFO - Registering the node to hub :http://localhost:4445/grid/register
INFO   | jvm 1    | 2012/12/03 19:42:36 | 19:42:36.401 INFO - Executing: org.openqa.selenium.remote.server.handler.Status@cb3966 at URL: /status)
INFO   | jvm 1    | 2012/12/03 19:42:36 | 19:42:36.480 INFO - Done: /status
INFO   | jvm 1    | 2012/12/03 19:42:41 | 19:42:41.111 INFO - Executing: org.openqa.selenium.remote.server.handler.Status@c7e580 at URL: /status)
INFO   | jvm 1    | 2012/12/03 19:42:41 | 19:42:41.112 INFO - Done: /status
INFO   | jvm 1    | 2012/12/03 19:42:45 | 19:42:45.636 INFO - Executing: org.openqa.selenium.remote.server.handler.Status@12cc460 at URL: /status)
INFO   | jvm 1    | 2012/12/03 19:42:45 | 19:42:45.636 INFO - Done: /status
INFO   | jvm 1    | 2012/12/03 19:42:50 | 19:42:50.426 INFO - Executing: org.openqa.selenium.remote.server.handler.Status@ee336f at URL: /status)
INFO   | jvm 1    | 2012/12/03 19:42:50 | 19:42:50.426 INFO - Done: /status
INFO   | jvm 1    | 2012/12/03 19:42:55 | 19:42:55.343 INFO - Executing: org.openqa.selenium.remote.server.handler.Status@1e94776 at URL: /status)
INFO   | jvm 1    | 2012/12/03 19:42:55 | 19:42:55.343 INFO - Done: /status
INFO   | jvm 1    | 2012/12/03 19:43:00 | 19:43:00.616 INFO - Executing: org.openqa.selenium.remote.server.handler.Status@2a4591 at URL: /status)
INFO   | jvm 1    | 2012/12/03 19:43:00 | 19:43:00.616 INFO - Done: /status
INFO   | jvm 1    | 2012/12/03 19:43:06 | 19:43:06.025 INFO - Executing: org.openqa.selenium.remote.server.handler.Status@85c106 at URL: /status)
INFO   | jvm 1    | 2012/12/03 19:43:06 | 19:43:06.025 INFO - Done: /status
INFO   | jvm 1    | 2012/12/03 19:43:11 | 19:43:11.151 INFO - Executing: org.openqa.selenium.remote.server.handler.Status@1bb4422 at URL: /status)
INFO   | jvm 1    | 2012/12/03 19:43:11 | 19:43:11.151 INFO - Done: /status
INFO   | jvm 1    | 2012/12/03 19:43:16 | 19:43:16.170 INFO - Executing: org.openqa.selenium.remote.server.handler.Status@1713b06 at URL: /status)
INFO   | jvm 1    | 2012/12/03 19:43:16 | 19:43:16.170 INFO - Done: /status
INFO   | jvm 1    | 2012/12/03 19:43:21 | 19:43:21.187 INFO - Executing: org.openqa.selenium.remote.server.handler.Status@10385f1 at URL: /status)
INFO   | jvm 1    | 2012/12/03 19:43:21 | 19:43:21.187 INFO - Done: /status
INFO   | jvm 1    | 2012/12/03 19:43:26 | 19:43:26.204 INFO - Executing: org.openqa.selenium.remote.server.handler.Status@118dcec at URL: /status)
INFO   | jvm 1    | 2012/12/03 19:43:26 | 19:43:26.204 INFO - Done: /status
INFO   | jvm 1    | 2012/12/03 19:43:31 | 19:43:31.221 INFO - Executing: org.openqa.selenium.remote.server.handler.Status@90da40 at URL: /status)
INFO   | jvm 1    | 2012/12/03 19:43:31 | 19:43:31.221 INFO - Done: /status
INFO   | jvm 1    | 2012/12/03 19:43:36 | 19:43:36.237 INFO - Executing: org.openqa.selenium.remote.server.handler.Status@1f2a8f5 at URL: /status)
INFO   | jvm 1    | 2012/12/03 19:43:36 | 19:43:36.237 INFO - Done: /status
INFO   | jvm 1    | 2012/12/03 19:43:41 | 19:43:41.254 INFO - Executing: org.openqa.selenium.remote.server.handler.Status@9ec9cd at URL: /status)
INFO   | jvm 1    | 2012/12/03 19:43:41 | 19:43:41.254 INFO - Done: /status
INFO   | jvm 1    | 2012/12/03 19:43:46 | 19:43:46.271 INFO - Executing: org.openqa.selenium.remote.server.handler.Status@12036a1 at URL: /status)
INFO   | jvm 1    | 2012/12/03 19:43:46 | 19:43:46.271 INFO - Done: /status
INFO   | jvm 1    | 2012/12/03 19:43:51 | 19:43:51.288 INFO - Executing: org.openqa.selenium.remote.server.handler.Status@48d0ea at URL: /status)
INFO   | jvm 1    | 2012/12/03 19:43:51 | 19:43:51.288 INFO - Done: /status
INFO   | jvm 1    | 2012/12/03 19:43:56 | 19:43:56.305 INFO - Executing: org.openqa.selenium.remote.server.handler.Status@1d8add3 at URL: /status)
INFO   | jvm 1    | 2012/12/03 19:43:56 | 19:43:56.305 INFO - Done: /status
INFO   | jvm 1    | 2012/12/03 19:44:01 | 19:44:01.323 INFO - Executing: org.openqa.selenium.remote.server.handler.Status@1ac14dd at URL: /status)
INFO   | jvm 1    | 2012/12/03 19:44:01 | 19:44:01.323 INFO - Done: /status
INFO   | jvm 1    | 2012/12/03 19:44:06 | 19:44:06.340 INFO - Executing: org.openqa.selenium.remote.server.handler.Status@ff8e3a at URL: /status)
INFO   | jvm 1    | 2012/12/03 19:44:06 | 19:44:06.340 INFO - Done: /status
INFO   | jvm 1    | 2012/12/03 19:44:11 | 19:44:11.357 INFO - Executing: org.openqa.selenium.remote.server.handler.Status@11a82fd at URL: /status)
INFO   | jvm 1    | 2012/12/03 19:44:11 | 19:44:11.357 INFO - Done: /status
INFO   | jvm 1    | 2012/12/03 19:44:16 | 19:44:16.374 INFO - Executing: org.openqa.selenium.remote.server.handler.Status@79f5f7 at URL: /status)
INFO   | jvm 1    | 2012/12/03 19:44:16 | 19:44:16.374 INFO - Done: /status
INFO   | jvm 1    | 2012/12/03 19:44:21 | 19:44:21.392 INFO - Executing: org.openqa.selenium.remote.server.handler.Status@120be93 at URL: /status)
INFO   | jvm 1    | 2012/12/03 19:44:21 | 19:44:21.392 INFO - Done: /status
INFO   | jvm 1    | 2012/12/03 19:44:26 | 19:44:26.409 INFO - Executing: org.openqa.selenium.remote.server.handler.Status@1596e13 at URL: /status)
INFO   | jvm 1    | 2012/12/03 19:44:26 | 19:44:26.409 INFO - Done: /status
INFO   | jvm 1    | 2012/12/03 19:44:31 | 19:44:31.426 INFO - Executing: org.openqa.selenium.remote.server.handler.Status@157bbd4 at URL: /status)
INFO   | jvm 1    | 2012/12/03 19:44:31 | 19:44:31.426 INFO - Done: /status
INFO   | jvm 1    | 2012/12/03 19:44:36 | 19:44:36.443 INFO - Executing: org.openqa.selenium.remote.server.handler.Status@1bfd316 at URL: /status)
INFO   | jvm 1    | 2012/12/03 19:44:36 | 19:44:36.443 INFO - Done: /status
INFO   | jvm 1    | 2012/12/03 19:44:41 | 19:44:41.460 INFO - Executing: org.openqa.selenium.remote.server.handler.Status@3d2a58 at URL: /status)
INFO   | jvm 1    | 2012/12/03 19:44:41 | 19:44:41.460 INFO - Done: /status
INFO   | jvm 1    | 2012/12/03 19:44:46 | 19:44:46.478 INFO - Executing: org.openqa.selenium.remote.server.handler.Status@7eef21 at URL: /status)
INFO   | jvm 1    | 2012/12/03 19:44:46 | 19:44:46.478 INFO - Done: /status
INFO   | jvm 1    | 2012/12/03 19:44:51 | 19:44:51.495 INFO - Executing: org.openqa.selenium.remote.server.handler.Status@1f4c39d at URL: /status)
INFO   | jvm 1    | 2012/12/03 19:44:51 | 19:44:51.495 INFO - Done: /status
INFO   | jvm 1    | 2012/12/03 19:44:56 | 19:44:56.512 INFO - Executing: org.openqa.selenium.remote.server.handler.Status@1c44935 at URL: /status)
INFO   | jvm 1    | 2012/12/03 19:44:56 | 19:44:56.512 INFO - Done: /status
INFO   | jvm 1    | 2012/12/03 19:45:01 | 19:45:01.529 INFO - Executing: org.openqa.selenium.remote.server.handler.Status@fc912 at URL: /status)
INFO   | jvm 1    | 2012/12/03 19:45:01 | 19:45:01.529 INFO - Done: /status
INFO   | jvm 1    | 2012/12/03 19:45:06 | 19:45:06.546 INFO - Executing: org.openqa.selenium.remote.server.handler.Status@c86119 at URL: /status)
INFO   | jvm 1    | 2012/12/03 19:45:06 | 19:45:06.546 INFO - Done: /status
INFO   | jvm 1    | 2012/12/03 19:45:11 | 19:45:11.564 INFO - Executing: org.openqa.selenium.remote.server.handler.Status@136b690 at URL: /status)
INFO   | jvm 1    | 2012/12/03 19:45:11 | 19:45:11.564 INFO - Done: /status
INFO   | jvm 1    | 2012/12/03 19:45:16 | 19:45:16.581 INFO - Executing: org.openqa.selenium.remote.server.handler.Status@d279e2 at URL: /status)
INFO   | jvm 1    | 2012/12/03 19:45:16 | 19:45:16.581 INFO - Done: /status
INFO   | jvm 1    | 2012/12/03 19:45:21 | 19:45:21.598 INFO - Executing: org.openqa.selenium.remote.server.handler.Status@141bbea at URL: /status)
INFO   | jvm 1    | 2012/12/03 19:45:21 | 19:45:21.598 INFO - Done: /status
INFO   | jvm 1    | 2012/12/03 19:45:26 | 19:45:26.615 INFO - Executing: org.openqa.selenium.remote.server.handler.Status@1dcb677 at URL: /status)
INFO   | jvm 1    | 2012/12/03 19:45:26 | 19:45:26.615 INFO - Done: /status
INFO   | jvm 1    | 2012/12/03 19:45:31 | 19:45:31.634 INFO - Executing: org.openqa.selenium.remote.server.handler.Status@1c9a682 at URL: /status)
INFO   | jvm 1    | 2012/12/03 19:45:31 | 19:45:31.634 INFO - Done: /status
INFO   | jvm 1    | 2012/12/03 19:45:36 | 19:45:36.651 INFO - Executing: org.openqa.selenium.remote.server.handler.Status@1839755 at URL: /status)
INFO   | jvm 1    | 2012/12/03 19:45:36 | 19:45:36.651 INFO - Done: /status
INFO   | jvm 1    | 2012/12/03 19:45:42 | 19:45:42.076 INFO - Executing: org.openqa.selenium.remote.server.handler.Status@193dfb0 at URL: /status)
INFO   | jvm 1    | 2012/12/03 19:45:42 | 19:45:42.076 INFO - Done: /status
INFO   | jvm 1    | 2012/12/03 19:45:47 | 19:45:47.596 INFO - Executing: org.openqa.selenium.remote.server.handler.Status@17b8705 at URL: /status)
INFO   | jvm 1    | 2012/12/03 19:45:47 | 19:45:47.596 INFO - Done: /status
INFO   | jvm 1    | 2012/12/03 19:45:52 | 19:45:52.663 INFO - Executing: org.openqa.selenium.remote.server.handler.Status@140c349 at URL: /status)
INFO   | jvm 1    | 2012/12/03 19:45:52 | 19:45:52.663 INFO - Done: /status
INFO   | jvm 1    | 2012/12/03 19:45:57 | 19:45:57.630 INFO - Executing: org.openqa.selenium.remote.server.handler.Status@13d1929 at URL: /status)
INFO   | jvm 1    | 2012/12/03 19:45:57 | 19:45:57.630 INFO - Done: /status
INFO   | jvm 1    | 2012/12/03 19:46:02 | 19:46:02.189 INFO - Executing: org.openqa.selenium.remote.server.handler.Status@13336f at URL: /status)
INFO   | jvm 1    | 2012/12/03 19:46:02 | 19:46:02.189 INFO - Done: /status
INFO   | jvm 1    | 2012/12/03 19:46:06 | 19:46:06.659 INFO - Executing: org.openqa.selenium.remote.server.handler.Status@1af431c at URL: /status)
INFO   | jvm 1    | 2012/12/03 19:46:06 | 19:46:06.659 INFO - Done: /status
INFO   | jvm 1    | 2012/12/03 19:46:11 | 19:46:11.500 INFO - Executing: org.openqa.selenium.remote.server.handler.Status@1564f4 at URL: /status)
INFO   | jvm 1    | 2012/12/03 19:46:11 | 19:46:11.500 INFO - Done: /status
INFO   | jvm 1    | 2012/12/03 19:46:16 | 19:46:16.419 INFO - Executing: org.openqa.selenium.remote.server.handler.Status@ac3205 at URL: /status)
INFO   | jvm 1    | 2012/12/03 19:46:16 | 19:46:16.419 INFO - Done: /status
INFO   | jvm 1    | 2012/12/03 19:46:21 | 19:46:21.747 INFO - Executing: org.openqa.selenium.remote.server.handler.Status@7ee9eb at URL: /status)
INFO   | jvm 1    | 2012/12/03 19:46:21 | 19:46:21.747 INFO - Done: /status
INFO   | jvm 1    | 2012/12/03 19:46:27 | 19:46:27.157 INFO - Executing: org.openqa.selenium.remote.server.handler.Status@130e79d at URL: /status)
INFO   | jvm 1    | 2012/12/03 19:46:27 | 19:46:27.157 INFO - Done: /status
INFO   | jvm 1    | 2012/12/03 19:46:32 | 19:46:32.111 INFO - Executing: org.openqa.selenium.remote.server.handler.Status@b35c53 at URL: /status)
INFO   | jvm 1    | 2012/12/03 19:46:32 | 19:46:32.111 INFO - Done: /status
INFO   | jvm 1    | 2012/12/03 19:46:36 | 19:46:36.979 INFO - Executing: org.openqa.selenium.remote.server.handler.Status@19c7028 at URL: /status)
INFO   | jvm 1    | 2012/12/03 19:46:36 | 19:46:36.979 INFO - Done: /status
INFO   | jvm 1    | 2012/12/03 19:46:41 | 19:46:41.974 INFO - Executing: org.openqa.selenium.remote.server.handler.Status@103c2db at URL: /status)
INFO   | jvm 1    | 2012/12/03 19:46:41 | 19:46:41.974 INFO - Done: /status
INFO   | jvm 1    | 2012/12/03 19:46:47 | 19:46:46.992 INFO - Executing: org.openqa.selenium.remote.server.handler.Status@c90b69 at URL: /status)
INFO   | jvm 1    | 2012/12/03 19:46:47 | 19:46:46.992 INFO - Done: /status
INFO   | jvm 1    | 2012/12/03 19:46:52 | 19:46:52.009 INFO - Executing: org.openqa.selenium.remote.server.handler.Status@1257dba at URL: /status)
INFO   | jvm 1    | 2012/12/03 19:46:52 | 19:46:52.009 INFO - Done: /status
INFO   | jvm 1    | 2012/12/03 19:46:57 | 19:46:57.026 INFO - Executing: org.openqa.selenium.remote.server.handler.Status@10ac73b at URL: /status)
INFO   | jvm 1    | 2012/12/03 19:46:57 | 19:46:57.026 INFO - Done: /status
INFO   | jvm 1    | 2012/12/03 19:47:02 | 19:47:02.037 INFO - Executing: org.openqa.selenium.remote.server.handler.Status@11bbdbb at URL: /status)
INFO   | jvm 1    | 2012/12/03 19:47:02 | 19:47:02.037 INFO - Done: /status
INFO   | jvm 1    | 2012/12/03 19:47:07 | 19:47:07.055 INFO - Executing: org.openqa.selenium.remote.server.handler.Status@1fc049e at URL: /status)
INFO   | jvm 1    | 2012/12/03 19:47:07 | 19:47:07.055 INFO - Done: /status
INFO   | jvm 1    | 2012/12/03 19:47:12 | 19:47:12.072 INFO - Executing: org.openqa.selenium.remote.server.handler.Status@1f34dad at URL: /status)
INFO   | jvm 1    | 2012/12/03 19:47:12 | 19:47:12.072 INFO - Done: /status
INFO   | jvm 1    | 2012/12/03 19:47:17 | 19:47:17.090 INFO - Executing: org.openqa.selenium.remote.server.handler.Status@330f22 at URL: /status)
INFO   | jvm 1    | 2012/12/03 19:47:17 | 19:47:17.090 INFO - Done: /status
INFO   | jvm 1    | 2012/12/03 19:47:22 | 19:47:22.107 INFO - Executing: org.openqa.selenium.remote.server.handler.Status@177f5b2 at URL: /status)
INFO   | jvm 1    | 2012/12/03 19:47:22 | 19:47:22.107 INFO - Done: /status
STATUS | wrapper  | 2012/12/03 19:48:21 | --> Wrapper Started as Service
STATUS | wrapper  | 2012/12/03 19:48:21 | Java Service Wrapper Community Edition 32-bit 3.5.15
STATUS | wrapper  | 2012/12/03 19:48:21 |   Copyright (C) 1999-2012 Tanuki Software, Ltd. All Rights Reserved.
STATUS | wrapper  | 2012/12/03 19:48:21 |     http://wrapper.tanukisoftware.com
STATUS | wrapper  | 2012/12/03 19:48:21 | 
STATUS | wrapper  | 2012/12/03 19:48:22 | Launching a JVM...
INFO   | jvm 1    | 2012/12/03 19:48:24 | WrapperManager: Initializing...
INFO   | jvm 1    | 2012/12/03 19:48:24 | Dec 03, 2012 7:48:24 PM org.openqa.grid.selenium.GridLauncher main
INFO   | jvm 1    | 2012/12/03 19:48:24 | INFO: Launching a selenium grid node
INFO   | jvm 1    | 2012/12/03 19:48:24 | adding browserName=internet explorer,maxInstances=3
INFO   | jvm 1    | 2012/12/03 19:48:25 | WrapperSimpleApp: 
INFO   | jvm 1    | 2012/12/03 19:48:25 | WrapperSimpleApp Error: Encountered an error running main:
INFO   | jvm 1    | 2012/12/03 19:48:25 | WrapperSimpleApp Error: org.openqa.selenium.WebDriverException: Could not find a non-loopback ip4 address for this machine
INFO   | jvm 1    | 2012/12/03 19:48:25 | Build info: version: '2.26.0', revision: '18041', time: '2012-11-01 19:33:38'
INFO   | jvm 1    | 2012/12/03 19:48:25 | System info: os.name: 'Windows 7', os.arch: 'x86', os.version: '6.1', java.version: '1.7.0_09'
INFO   | jvm 1    | 2012/12/03 19:48:25 | Driver info: driver.version: unknown
INFO   | jvm 1    | 2012/12/03 19:48:25 | WrapperSimpleApp Error: 	at org.openqa.selenium.net.NetworkUtils.getIp4NonLoopbackAddressOfThisMachine(NetworkUtils.java:69)
INFO   | jvm 1    | 2012/12/03 19:48:25 | WrapperSimpleApp Error: 	at org.openqa.grid.common.RegistrationRequest.build(RegistrationRequest.java:394)
INFO   | jvm 1    | 2012/12/03 19:48:25 | WrapperSimpleApp Error: 	at org.openqa.grid.selenium.GridLauncher.main(GridLauncher.java:70)
INFO   | jvm 1    | 2012/12/03 19:48:26 | WrapperSimpleApp Error: 	at sun.reflect.NativeMethodAccessorImpl.invoke0(Native Method)
INFO   | jvm 1    | 2012/12/03 19:48:26 | WrapperSimpleApp Error: 	at sun.reflect.NativeMethodAccessorImpl.invoke(Unknown Source)
INFO   | jvm 1    | 2012/12/03 19:48:26 | WrapperSimpleApp Error: 	at sun.reflect.DelegatingMethodAccessorImpl.invoke(Unknown Source)
INFO   | jvm 1    | 2012/12/03 19:48:26 | WrapperSimpleApp Error: 	at java.lang.reflect.Method.invoke(Unknown Source)
INFO   | jvm 1    | 2012/12/03 19:48:26 | WrapperSimpleApp Error: 	at org.tanukisoftware.wrapper.WrapperSimpleApp.run(WrapperSimpleApp.java:290)
INFO   | jvm 1    | 2012/12/03 19:48:26 | WrapperSimpleApp Error: 	at java.lang.Thread.run(Unknown Source)
STATUS | wrapper  | 2012/12/03 19:48:27 | <-- Wrapper Stopped
